<?xml version="1.0" encoding="UTF-8"?>
<!-- Generated by org.testng.reporters.JUnitReportReporter -->
<testsuite skipped="0" hostname="sys" name="jsonDataAnalyzing.JsonMap" tests="1" failures="0" timestamp="2020-06-15T18:44:03 IST" time="27.045" errors="0">
  <testcase name="validation" time="27.045" classname="jsonDataAnalyzing.JsonMap"/>
  <system-out/>
</testsuite> <!-- jsonDataAnalyzing.JsonMap -->
