<?xml version="1.0" encoding="UTF-8"?>
<!-- Generated by org.testng.reporters.JUnitReportReporter -->
<testsuite skipped="0" hostname="sys" name="libraryAPI.UsingDataProvider" tests="3" failures="0" timestamp="2020-06-01T18:23:16 IST" time="6.790" errors="0">
  <testcase name="postOpetation" time="6.039" classname="libraryAPI.UsingDataProvider"/>
  <system-out/>
  <testcase name="postOpetation" time="0.360" classname="libraryAPI.UsingDataProvider"/>
  <system-out/>
  <testcase name="postOpetation" time="0.391" classname="libraryAPI.UsingDataProvider"/>
  <system-out/>
</testsuite> <!-- libraryAPI.UsingDataProvider -->
